<?xml version="1.0" encoding="UTF-8"?>
<!-- Generated by org.testng.reporters.JUnitReportReporter -->
<testsuite hostname="DESKTOP-17QF2U3" failures="0" tests="1" name="com.MavenProject.TestCases.TC_SearchCustomer_004" time="36.798" errors="0" timestamp="2021-10-13T10:54:54 IST" skipped="0">
  <testcase classname="com.MavenProject.TestCases.TC_SearchCustomer_004" name="searchcustomer" time="36.798"/>
  <system-out/>
</testsuite> <!-- com.MavenProject.TestCases.TC_SearchCustomer_004 -->
