<?xml version="1.0" encoding="UTF-8"?>
<!-- Generated by org.testng.reporters.JUnitReportReporter -->
<testsuite hostname="DESKTOP-17QF2U3" failures="0" tests="1" name="com.MavenProject.TestCases.TC_DeletingCustomer_006" time="35.456" errors="0" timestamp="2021-10-13T16:28:21 IST" skipped="0">
  <testcase classname="com.MavenProject.TestCases.TC_DeletingCustomer_006" name="deletecustomer" time="35.456"/>
  <system-out/>
</testsuite> <!-- com.MavenProject.TestCases.TC_DeletingCustomer_006 -->
