<?xml version="1.0" encoding="UTF-8"?>
<!-- Generated by org.testng.reporters.JUnitReportReporter -->
<testsuite hostname="DESKTOP-17QF2U3" failures="0" tests="1" name="com.MavenProject.TestCases.TC_ExportCustomer_007" time="31.123" errors="0" timestamp="2021-10-14T12:22:58 IST" skipped="0">
  <testcase classname="com.MavenProject.TestCases.TC_ExportCustomer_007" name="exportcustomer" time="31.123"/>
  <system-out/>
</testsuite> <!-- com.MavenProject.TestCases.TC_ExportCustomer_007 -->
