<?xml version="1.0" encoding="UTF-8"?>
<!-- Generated by org.testng.reporters.JUnitReportReporter -->
<testsuite hostname="DESKTOP-17QF2U3" failures="0" tests="1" name="com.MavenProject.TestCases.TC_EditCustomer_005" time="51.904" errors="0" timestamp="2021-10-13T13:04:47 IST" skipped="0">
  <testcase classname="com.MavenProject.TestCases.TC_EditCustomer_005" name="editcustomer" time="51.904"/>
  <system-out/>
</testsuite> <!-- com.MavenProject.TestCases.TC_EditCustomer_005 -->
