<?xml version="1.0" encoding="UTF-8"?>
<!-- Generated by org.testng.reporters.JUnitReportReporter -->
<testsuite hostname="DESKTOP-17QF2U3" failures="0" tests="1" name="com.MavenProject.TestCases.TC_LoginTest_001" time="27.849" errors="0" timestamp="2021-10-18T19:55:15 IST" skipped="0">
  <testcase classname="com.MavenProject.TestCases.TC_LoginTest_001" name="logintest" time="27.849"/>
  <system-out/>
</testsuite> <!-- com.MavenProject.TestCases.TC_LoginTest_001 -->
